20240218 18:07:47 INFO  [main] base.BaseTest BaseTest.java37 - -----SetupBeforeMethod executed----
20240218 18:07:54 INFO  [main] base.BaseTest BaseTest.java61 - browser instance chrome created.
20240218 18:07:54 INFO  [main] base.BaseTest BaseTest.java64 - window is maximized
20240218 18:07:56 INFO  [main] base.BaseTest BaseTest.java109 - https://login.salesforce.com/is entered
20240218 18:07:58 INFO  [main] base.BasePage BasePage.java38 - username data is entered in Username textbox textbox
20240218 18:07:58 INFO  [main] base.BaseTest BaseTest.java48 - -----tearDownAfterTestMethod executed----
20240218 18:07:59 INFO  [main] base.BaseTest BaseTest.java137 - browser instance closed
20240218 18:17:20 INFO  [main] utilities.SalesforcebaseListenerUtility SalesforcebaseListenerUtility.java56 - RegressionTest has started....................
20240218 18:17:21 INFO  [main] base.BaseTest BaseTest.java37 - -----SetupBeforeMethod executed----
20240218 18:17:26 INFO  [main] base.BaseTest BaseTest.java61 - browser instance chrome created.
20240218 18:17:27 INFO  [main] base.BaseTest BaseTest.java64 - window is maximized
20240218 18:17:28 INFO  [main] base.BaseTest BaseTest.java109 - https://login.salesforce.com/is entered
20240218 18:17:28 INFO  [main] utilities.SalesforcebaseListenerUtility SalesforcebaseListenerUtility.java22 - salesforce_Login.......test execution started........
20240218 18:17:30 INFO  [main] base.BasePage BasePage.java38 - username data is entered in Username textbox textbox
20240218 18:17:30 INFO  [main] base.BasePage BasePage.java38 - username data is entered in password textbox textbox
20240218 18:17:36 INFO  [main] base.BasePage BasePage.java51 - login buttonelement is clicked
20240218 18:17:36 INFO  [main] utilities.SalesforcebaseListenerUtility SalesforcebaseListenerUtility.java31 - salesforce_Login.......test execution completed with success........
20240218 18:17:36 INFO  [main] base.BaseTest BaseTest.java48 - -----tearDownAfterTestMethod executed----
20240218 18:17:36 INFO  [main] base.BaseTest BaseTest.java137 - browser instance closed
20240218 18:17:37 INFO  [main] utilities.SalesforcebaseListenerUtility SalesforcebaseListenerUtility.java65 - RegressionTest has ended....................
20240218 18:21:10 INFO  [main] utilities.SalesforcebaseListenerUtility SalesforcebaseListenerUtility.java56 - RegressionTest has started....................
20240218 18:21:10 INFO  [main] base.BaseTest BaseTest.java37 - -----SetupBeforeMethod executed----
20240218 18:21:15 INFO  [main] base.BaseTest BaseTest.java61 - browser instance chrome created.
20240218 18:21:16 INFO  [main] base.BaseTest BaseTest.java64 - window is maximized
20240218 18:21:17 INFO  [main] base.BaseTest BaseTest.java109 - https://login.salesforce.com/is entered
20240218 18:21:17 INFO  [main] utilities.SalesforcebaseListenerUtility SalesforcebaseListenerUtility.java22 - salesforce_Login.......test execution started........
20240218 18:21:20 INFO  [main] base.BasePage BasePage.java38 - username data is entered in Username textbox
20240218 18:21:20 INFO  [main] base.BasePage BasePage.java38 - username data is entered in password textbox
20240218 18:21:25 INFO  [main] base.BasePage BasePage.java51 - login buttonelement is clicked
20240218 18:21:27 INFO  [main] automationtests.LoginTests LoginTests.java68 - Home Page ~ Salesforce - Developer Edition
20240218 18:21:27 INFO  [main] utilities.SalesforcebaseListenerUtility SalesforcebaseListenerUtility.java31 - salesforce_Login.......test execution completed with success........
20240218 18:21:27 INFO  [main] base.BaseTest BaseTest.java48 - -----tearDownAfterTestMethod executed----
20240218 18:21:27 INFO  [main] base.BaseTest BaseTest.java137 - browser instance closed
20240218 18:21:27 INFO  [main] utilities.SalesforcebaseListenerUtility SalesforcebaseListenerUtility.java65 - RegressionTest has ended....................
20240218 18:23:54 INFO  [main] utilities.SalesforcebaseListenerUtility SalesforcebaseListenerUtility.java56 - RegressionTest has started....................
20240218 18:23:54 INFO  [main] base.BaseTest BaseTest.java37 - -----SetupBeforeMethod executed----
20240218 18:23:59 INFO  [main] base.BaseTest BaseTest.java61 - browser instance chrome created.
20240218 18:23:59 INFO  [main] base.BaseTest BaseTest.java64 - window is maximized
20240218 18:24:01 INFO  [main] base.BaseTest BaseTest.java109 - https://login.salesforce.com/is entered
20240218 18:24:01 INFO  [main] utilities.SalesforcebaseListenerUtility SalesforcebaseListenerUtility.java22 - salesforce_Login.......test execution started........
20240218 18:24:04 INFO  [main] base.BasePage BasePage.java38 - username data is entered in Username textbox
20240218 18:24:04 INFO  [main] base.BasePage BasePage.java38 - username data is entered in password textbox
20240218 18:24:09 INFO  [main] base.BasePage BasePage.java51 - login buttonelement is clicked
20240218 18:24:09 INFO  [main] automationtests.LoginTests LoginTests.java68 - Home Page ~ Salesforce - Developer Edition
20240218 18:24:09 ERROR [main] utilities.SalesforcebaseListenerUtility SalesforcebaseListenerUtility.java40 - salesforce_Login.......test execution completed with failure........
20240218 18:24:10 INFO  [main] base.BaseTest BaseTest.java155 - captured the screen
20240218 18:24:10 INFO  [main] base.BaseTest BaseTest.java48 - -----tearDownAfterTestMethod executed----
20240218 18:24:11 INFO  [main] base.BaseTest BaseTest.java137 - browser instance closed
20240218 18:24:11 INFO  [main] utilities.SalesforcebaseListenerUtility SalesforcebaseListenerUtility.java65 - RegressionTest has ended....................
20240218 18:42:01 INFO  [main] utilities.SalesforcebaseListenerUtility SalesforcebaseListenerUtility.java56 - RegressionTest has started....................
20240218 18:42:02 INFO  [main] base.BaseTest BaseTest.java37 - -----SetupBeforeMethod executed----
20240218 18:42:07 INFO  [main] base.BaseTest BaseTest.java61 - browser instance chrome created.
20240218 18:42:08 INFO  [main] base.BaseTest BaseTest.java64 - window is maximized
20240218 18:42:10 INFO  [main] base.BaseTest BaseTest.java109 - https://login.salesforce.com/is entered
20240218 18:42:10 INFO  [main] utilities.SalesforcebaseListenerUtility SalesforcebaseListenerUtility.java22 - salesforce_Login.......test execution started........
20240218 18:42:13 INFO  [main] base.BasePage BasePage.java38 - username data is entered in Username textbox
20240218 18:42:13 INFO  [main] base.BasePage BasePage.java38 - username data is entered in password textbox
20240218 18:42:18 INFO  [main] base.BasePage BasePage.java51 - login buttonelement is clicked
20240218 18:42:18 INFO  [main] base.BasePage BasePage.java88 - Home Pagetitle=Home Page ~ Salesforce - Developer Edition
20240218 18:42:18 INFO  [main] automationtests.LoginTests LoginTests.java68 - Home Page ~ Salesforce - Developer Edition
20240218 18:42:18 INFO  [main] utilities.SalesforcebaseListenerUtility SalesforcebaseListenerUtility.java31 - salesforce_Login.......test execution completed with success........
20240218 18:42:18 INFO  [main] base.BaseTest BaseTest.java48 - -----tearDownAfterTestMethod executed----
20240218 18:42:19 INFO  [main] base.BaseTest BaseTest.java137 - browser instance closed
20240218 18:42:19 INFO  [main] utilities.SalesforcebaseListenerUtility SalesforcebaseListenerUtility.java65 - RegressionTest has ended....................
20240218 21:42:48 INFO  [main] utilities.SalesforcebaseListenerUtility SalesforcebaseListenerUtility.java56 - Default test has started....................
20240218 21:42:49 INFO  [main] base.BaseTest BaseTest.java39 - -----SetupBeforeMethod executed----
20240218 21:42:57 INFO  [main] base.BaseTest BaseTest.java63 - browser instance chrome created.
20240218 21:42:58 INFO  [main] base.BaseTest BaseTest.java66 - window is maximized
20240218 21:43:02 INFO  [main] base.BaseTest BaseTest.java111 - https://login.salesforce.com/is entered
20240218 21:43:02 INFO  [main] utilities.SalesforcebaseListenerUtility SalesforcebaseListenerUtility.java22 - salesforce_Login.......test execution started........
20240218 21:43:04 INFO  [main] base.BasePage BasePage.java38 - username data is entered in Username textbox
20240218 21:43:05 INFO  [main] base.BasePage BasePage.java38 - username data is entered in password textbox
20240218 21:43:10 INFO  [main] base.BasePage BasePage.java51 - login buttonelement is clicked
20240218 21:43:10 INFO  [main] base.BasePage BasePage.java88 - Home Pagetitle=Home Page ~ Salesforce - Developer Edition
20240218 21:43:10 INFO  [main] automationtests.LoginTests LoginTests.java68 - Home Page ~ Salesforce - Developer Edition
20240218 21:43:10 INFO  [main] utilities.SalesforcebaseListenerUtility SalesforcebaseListenerUtility.java31 - salesforce_Login.......test execution completed with success........
20240218 21:43:10 INFO  [main] base.BaseTest BaseTest.java50 - -----tearDownAfterTestMethod executed----
20240218 21:43:11 INFO  [main] base.BaseTest BaseTest.java139 - browser instance closed
20240218 21:43:11 INFO  [main] utilities.SalesforcebaseListenerUtility SalesforcebaseListenerUtility.java65 - Default test has ended....................
20240218 21:44:34 INFO  [main] utilities.SalesforcebaseListenerUtility SalesforcebaseListenerUtility.java56 - Default test has started....................
20240218 21:44:34 INFO  [main] base.BaseTest BaseTest.java39 - -----SetupBeforeMethod executed----
20240218 21:44:39 INFO  [main] base.BaseTest BaseTest.java63 - browser instance chrome created.
20240218 21:44:40 INFO  [main] base.BaseTest BaseTest.java66 - window is maximized
20240218 21:44:41 INFO  [main] base.BaseTest BaseTest.java111 - https://login.salesforce.com/is entered
20240218 21:44:41 INFO  [main] utilities.SalesforcebaseListenerUtility SalesforcebaseListenerUtility.java22 - salesforce_Login.......test execution started........
20240218 21:44:44 INFO  [main] base.BasePage BasePage.java38 - username data is entered in Username textbox
20240218 21:44:44 INFO  [main] base.BasePage BasePage.java38 - username data is entered in password textbox
20240218 21:44:47 INFO  [main] base.BasePage BasePage.java51 - login buttonelement is clicked
20240218 21:44:49 INFO  [main] base.BasePage BasePage.java88 - Home Pagetitle=Home Page ~ Salesforce - Developer Edition
20240218 21:44:49 INFO  [main] automationtests.LoginTests LoginTests.java68 - Home Page ~ Salesforce - Developer Edition
20240218 21:44:49 ERROR [main] utilities.SalesforcebaseListenerUtility SalesforcebaseListenerUtility.java40 - salesforce_Login.......test execution completed with failure........
20240218 21:44:50 INFO  [main] base.BaseTest BaseTest.java157 - captured the screen
20240218 21:44:50 INFO  [main] base.BaseTest BaseTest.java50 - -----tearDownAfterTestMethod executed----
20240218 21:44:50 INFO  [main] base.BaseTest BaseTest.java139 - browser instance closed
20240218 21:44:51 INFO  [main] utilities.SalesforcebaseListenerUtility SalesforcebaseListenerUtility.java65 - Default test has ended....................
20240218 22:29:18 INFO  [main] utilities.SalesforcebaseListenerUtility SalesforcebaseListenerUtility.java56 - Default test has started....................
20240218 22:29:18 INFO  [main] base.BaseTest BaseTest.java39 - -----SetupBeforeMethod executed----
20240218 22:29:22 INFO  [main] base.BaseTest BaseTest.java63 - browser instance chrome created.
20240218 22:29:23 INFO  [main] base.BaseTest BaseTest.java66 - window is maximized
20240218 22:29:25 INFO  [main] base.BaseTest BaseTest.java111 - https://login.salesforce.com/is entered
20240218 22:29:25 INFO  [main] utilities.SalesforcebaseListenerUtility SalesforcebaseListenerUtility.java22 - salesforce_Login.......test execution started........
20240218 22:29:26 INFO  [main] base.BasePage BasePage.java38 - username data is entered in Username textbox
20240218 22:29:27 INFO  [main] base.BasePage BasePage.java38 - username data is entered in password textbox
20240218 22:29:29 INFO  [main] base.BasePage BasePage.java51 - login buttonelement is clicked
20240218 22:29:31 INFO  [main] base.BasePage BasePage.java88 - Home Pagetitle=Home Page ~ Salesforce - Developer Edition
20240218 22:29:31 INFO  [main] automationtests.LoginTests LoginTests.java72 - Home Page ~ Salesforce - Developer Edition
20240218 22:29:31 INFO  [main] base.BasePage BasePage.java75 - text is extracted from Logged UserName
20240218 22:29:32 ERROR [main] utilities.SalesforcebaseListenerUtility SalesforcebaseListenerUtility.java40 - salesforce_Login.......test execution completed with failure........
20240218 22:29:32 INFO  [main] base.BaseTest BaseTest.java157 - captured the screen
20240218 22:29:32 INFO  [main] base.BaseTest BaseTest.java50 - -----tearDownAfterTestMethod executed----
20240218 22:29:33 INFO  [main] base.BaseTest BaseTest.java139 - browser instance closed
20240218 22:29:33 INFO  [main] utilities.SalesforcebaseListenerUtility SalesforcebaseListenerUtility.java65 - Default test has ended....................
20240218 22:31:44 INFO  [main] utilities.SalesforcebaseListenerUtility SalesforcebaseListenerUtility.java56 - Default test has started....................
20240218 22:31:45 INFO  [main] base.BaseTest BaseTest.java39 - -----SetupBeforeMethod executed----
20240218 22:31:48 INFO  [main] base.BaseTest BaseTest.java63 - browser instance chrome created.
20240218 22:31:48 INFO  [main] base.BaseTest BaseTest.java66 - window is maximized
20240218 22:31:49 INFO  [main] base.BaseTest BaseTest.java111 - https://login.salesforce.com/is entered
20240218 22:31:49 INFO  [main] utilities.SalesforcebaseListenerUtility SalesforcebaseListenerUtility.java22 - salesforce_Login.......test execution started........
20240218 22:31:50 INFO  [main] base.BasePage BasePage.java38 - username data is entered in Username textbox
20240218 22:31:51 INFO  [main] base.BasePage BasePage.java38 - username data is entered in password textbox
20240218 22:31:57 INFO  [main] base.BasePage BasePage.java51 - login buttonelement is clicked
20240218 22:31:57 INFO  [main] base.BasePage BasePage.java88 - Home Pagetitle=Home Page ~ Salesforce - Developer Edition
20240218 22:31:57 INFO  [main] automationtests.LoginTests LoginTests.java72 - Home Page ~ Salesforce - Developer Edition
20240218 22:31:57 INFO  [main] base.BasePage BasePage.java75 - text is extracted from Logged UserName
20240218 22:31:57 INFO  [main] utilities.SalesforcebaseListenerUtility SalesforcebaseListenerUtility.java31 - salesforce_Login.......test execution completed with success........
20240218 22:31:57 INFO  [main] base.BaseTest BaseTest.java50 - -----tearDownAfterTestMethod executed----
20240218 22:31:58 INFO  [main] base.BaseTest BaseTest.java139 - browser instance closed
20240218 22:31:58 INFO  [main] utilities.SalesforcebaseListenerUtility SalesforcebaseListenerUtility.java65 - Default test has ended....................
20240218 22:53:08 INFO  [main] utilities.SalesforcebaseListenerUtility SalesforcebaseListenerUtility.java56 - Default test has started....................
20240218 22:53:08 INFO  [main] base.BaseTest BaseTest.java43 - -----SetupBeforeMethod executed----
20240218 22:53:14 INFO  [main] base.BaseTest BaseTest.java67 - browser instance chrome created.
20240218 22:53:14 INFO  [main] base.BaseTest BaseTest.java70 - window is maximized
20240218 22:53:15 INFO  [main] base.BaseTest BaseTest.java115 - https://login.salesforce.com/is entered
20240218 22:53:15 INFO  [main] utilities.SalesforcebaseListenerUtility SalesforcebaseListenerUtility.java22 - salesforce_LoginTC2.......test execution started........
20240218 22:53:15 ERROR [main] utilities.SalesforcebaseListenerUtility SalesforcebaseListenerUtility.java40 - salesforce_LoginTC2.......test execution completed with failure........
20240218 22:53:16 INFO  [main] base.BaseTest BaseTest.java161 - captured the screen
20240218 22:53:16 INFO  [main] base.BaseTest BaseTest.java54 - -----tearDownAfterTestMethod executed----
20240218 22:53:16 INFO  [main] base.BaseTest BaseTest.java143 - browser instance closed
20240218 22:53:16 INFO  [main] utilities.SalesforcebaseListenerUtility SalesforcebaseListenerUtility.java65 - Default test has ended....................
20240218 23:03:22 INFO  [main] utilities.SalesforcebaseListenerUtility SalesforcebaseListenerUtility.java56 - Default test has started....................
20240218 23:03:23 INFO  [main] base.BaseTest BaseTest.java42 - -----SetupBeforeMethod executed----
20240218 23:03:27 INFO  [main] base.BaseTest BaseTest.java66 - browser instance chrome created.
20240218 23:03:27 INFO  [main] base.BaseTest BaseTest.java69 - window is maximized
20240218 23:03:28 INFO  [main] base.BaseTest BaseTest.java114 - https://login.salesforce.com/is entered
20240218 23:03:28 INFO  [main] utilities.SalesforcebaseListenerUtility SalesforcebaseListenerUtility.java22 - salesforce_LoginTC2.......test execution started........
20240218 23:03:28 ERROR [main] utilities.SalesforcebaseListenerUtility SalesforcebaseListenerUtility.java40 - salesforce_LoginTC2.......test execution completed with failure........
20240218 23:03:29 INFO  [main] base.BaseTest BaseTest.java160 - captured the screen
20240218 23:03:29 INFO  [main] base.BaseTest BaseTest.java53 - -----tearDownAfterTestMethod executed----
20240218 23:03:29 INFO  [main] base.BaseTest BaseTest.java142 - browser instance closed
20240218 23:03:29 INFO  [main] utilities.SalesforcebaseListenerUtility SalesforcebaseListenerUtility.java65 - Default test has ended....................
20240218 23:06:36 INFO  [main] utilities.SalesforcebaseListenerUtility SalesforcebaseListenerUtility.java56 - Default test has started....................
20240218 23:06:37 INFO  [main] base.BaseTest BaseTest.java43 - -----SetupBeforeMethod executed----
20240218 23:06:40 INFO  [main] base.BaseTest BaseTest.java67 - browser instance chrome created.
20240218 23:06:41 INFO  [main] base.BaseTest BaseTest.java70 - window is maximized
20240218 23:06:41 INFO  [main] base.BaseTest BaseTest.java115 - https://login.salesforce.com/is entered
20240218 23:06:41 INFO  [main] utilities.SalesforcebaseListenerUtility SalesforcebaseListenerUtility.java22 - salesforce_LoginTC2.......test execution started........
20240218 23:06:41 ERROR [main] utilities.SalesforcebaseListenerUtility SalesforcebaseListenerUtility.java40 - salesforce_LoginTC2.......test execution completed with failure........
20240218 23:06:42 INFO  [main] base.BaseTest BaseTest.java161 - captured the screen
20240218 23:06:42 INFO  [main] base.BaseTest BaseTest.java54 - -----tearDownAfterTestMethod executed----
20240218 23:06:42 INFO  [main] base.BaseTest BaseTest.java143 - browser instance closed
20240218 23:06:42 INFO  [main] utilities.SalesforcebaseListenerUtility SalesforcebaseListenerUtility.java65 - Default test has ended....................
20240218 23:09:29 INFO  [main] utilities.SalesforcebaseListenerUtility SalesforcebaseListenerUtility.java56 - Default test has started....................
20240218 23:09:29 INFO  [main] base.BaseTest BaseTest.java43 - -----SetupBeforeMethod executed----
20240218 23:09:33 INFO  [main] base.BaseTest BaseTest.java67 - browser instance chrome created.
20240218 23:09:33 INFO  [main] base.BaseTest BaseTest.java70 - window is maximized
20240218 23:09:34 INFO  [main] base.BaseTest BaseTest.java115 - https://login.salesforce.com/is entered
20240218 23:09:34 INFO  [main] utilities.SalesforcebaseListenerUtility SalesforcebaseListenerUtility.java22 - salesforce_LoginTC2.......test execution started........
20240218 23:09:35 INFO  [main] base.BasePage BasePage.java41 - username data is entered in Username textbox
20240218 23:09:35 INFO  [main] base.BasePage BasePage.java41 - username data is entered in password textbox
20240218 23:09:41 INFO  [main] base.BasePage BasePage.java54 - login buttonelement is clicked
20240218 23:09:41 INFO  [main] base.BasePage BasePage.java91 - Home Pagetitle=Home Page ~ Salesforce - Developer Edition
20240218 23:09:41 INFO  [main] automationtests.LoginTests LoginTests.java38 - Home Page ~ Salesforce - Developer Edition
20240218 23:09:41 INFO  [main] base.BasePage BasePage.java78 - text is extracted from Logged UserName
20240218 23:09:41 INFO  [main] utilities.SalesforcebaseListenerUtility SalesforcebaseListenerUtility.java31 - salesforce_LoginTC2.......test execution completed with success........
20240218 23:09:41 INFO  [main] base.BaseTest BaseTest.java54 - -----tearDownAfterTestMethod executed----
20240218 23:09:41 INFO  [main] base.BaseTest BaseTest.java143 - browser instance closed
20240218 23:09:41 INFO  [main] utilities.SalesforcebaseListenerUtility SalesforcebaseListenerUtility.java65 - Default test has ended....................
20240218 23:37:52 INFO  [main] utilities.SalesforcebaseListenerUtility SalesforcebaseListenerUtility.java56 - Default test has started....................
20240218 23:37:52 INFO  [main] base.BaseTest BaseTest.java43 - -----SetupBeforeMethod executed----
20240218 23:37:56 INFO  [main] base.BaseTest BaseTest.java67 - browser instance chrome created.
20240218 23:37:57 INFO  [main] base.BaseTest BaseTest.java70 - window is maximized
20240218 23:37:58 INFO  [main] base.BaseTest BaseTest.java115 - https://login.salesforce.com/is entered
20240218 23:37:58 INFO  [main] utilities.SalesforcebaseListenerUtility SalesforcebaseListenerUtility.java22 - salesforce_LoginTC2.......test execution started........
20240218 23:37:59 INFO  [main] base.BasePage BasePage.java41 - username data is entered in Username textbox
20240218 23:37:59 INFO  [main] base.BasePage BasePage.java41 - username data is entered in password textbox
20240218 23:38:04 INFO  [main] base.BasePage BasePage.java54 - login buttonelement is clicked
20240218 23:38:04 INFO  [main] base.BasePage BasePage.java91 - Home Pagetitle=Home Page ~ Salesforce - Developer Edition
20240218 23:38:04 INFO  [main] automationtests.LoginTests LoginTests.java48 - Home Page ~ Salesforce - Developer Edition
20240218 23:38:04 INFO  [main] base.BasePage BasePage.java78 - text is extracted from Logged UserName
20240218 23:38:04 INFO  [main] utilities.SalesforcebaseListenerUtility SalesforcebaseListenerUtility.java31 - salesforce_LoginTC2.......test execution completed with success........
20240218 23:38:04 INFO  [main] base.BaseTest BaseTest.java54 - -----tearDownAfterTestMethod executed----
20240218 23:38:04 INFO  [main] base.BaseTest BaseTest.java143 - browser instance closed
20240218 23:38:04 INFO  [main] utilities.SalesforcebaseListenerUtility SalesforcebaseListenerUtility.java65 - Default test has ended....................
20240218 23:39:56 INFO  [main] utilities.SalesforcebaseListenerUtility SalesforcebaseListenerUtility.java56 - Default test has started....................
20240218 23:39:56 INFO  [main] base.BaseTest BaseTest.java43 - -----SetupBeforeMethod executed----
20240218 23:40:00 INFO  [main] base.BaseTest BaseTest.java67 - browser instance chrome created.
20240218 23:40:00 INFO  [main] base.BaseTest BaseTest.java70 - window is maximized
20240218 23:40:00 INFO  [main] base.BaseTest BaseTest.java115 - https://login.salesforce.com/is entered
20240218 23:40:00 INFO  [main] utilities.SalesforcebaseListenerUtility SalesforcebaseListenerUtility.java22 - salesforce_LoginTC2.......test execution started........
20240218 23:40:02 INFO  [main] base.BasePage BasePage.java41 - username data is entered in Username textbox
20240218 23:40:03 INFO  [main] base.BasePage BasePage.java41 - username data is entered in password textbox
20240218 23:40:08 INFO  [main] base.BasePage BasePage.java54 - login buttonelement is clicked
20240218 23:40:08 INFO  [main] base.BasePage BasePage.java91 - Home Pagetitle=Home Page ~ Salesforce - Developer Edition
20240218 23:40:08 INFO  [main] automationtests.LoginTests LoginTests.java48 - Home Page ~ Salesforce - Developer Edition
20240218 23:40:08 INFO  [main] base.BasePage BasePage.java78 - text is extracted from Logged UserName
20240218 23:40:08 INFO  [main] utilities.SalesforcebaseListenerUtility SalesforcebaseListenerUtility.java31 - salesforce_LoginTC2.......test execution completed with success........
20240218 23:40:08 INFO  [main] base.BaseTest BaseTest.java54 - -----tearDownAfterTestMethod executed----
20240218 23:40:08 INFO  [main] base.BaseTest BaseTest.java143 - browser instance closed
20240218 23:40:08 INFO  [main] utilities.SalesforcebaseListenerUtility SalesforcebaseListenerUtility.java65 - Default test has ended....................
20240218 23:41:26 INFO  [main] utilities.SalesforcebaseListenerUtility SalesforcebaseListenerUtility.java56 - Default test has started....................
20240218 23:41:26 INFO  [main] base.BaseTest BaseTest.java43 - -----SetupBeforeMethod executed----
20240218 23:41:30 INFO  [main] base.BaseTest BaseTest.java67 - browser instance chrome created.
20240218 23:41:30 INFO  [main] base.BaseTest BaseTest.java70 - window is maximized
20240218 23:41:30 INFO  [main] base.BaseTest BaseTest.java115 - https://login.salesforce.com/is entered
20240218 23:41:30 INFO  [main] utilities.SalesforcebaseListenerUtility SalesforcebaseListenerUtility.java22 - salesforce_LoginTC2.......test execution started........
20240218 23:41:31 INFO  [main] base.BasePage BasePage.java41 - username data is entered in Username textbox
20240218 23:41:32 INFO  [main] base.BasePage BasePage.java41 - username data is entered in password textbox
20240218 23:41:35 INFO  [main] base.BasePage BasePage.java54 - login buttonelement is clicked
20240218 23:41:37 INFO  [main] base.BasePage BasePage.java91 - Home Pagetitle=Home Page ~ Salesforce - Developer Edition
20240218 23:41:37 INFO  [main] automationtests.LoginTests LoginTests.java48 - Home Page ~ Salesforce - Developer Edition
20240218 23:41:37 INFO  [main] base.BasePage BasePage.java78 - text is extracted from Logged UserName
20240218 23:41:37 INFO  [main] automationtests.LoginTests LoginTests.java53 - priyanka Abcd
20240218 23:41:37 INFO  [main] utilities.SalesforcebaseListenerUtility SalesforcebaseListenerUtility.java31 - salesforce_LoginTC2.......test execution completed with success........
20240218 23:41:37 INFO  [main] base.BaseTest BaseTest.java54 - -----tearDownAfterTestMethod executed----
20240218 23:41:37 INFO  [main] base.BaseTest BaseTest.java143 - browser instance closed
20240218 23:41:37 INFO  [main] utilities.SalesforcebaseListenerUtility SalesforcebaseListenerUtility.java65 - Default test has ended....................
20240218 23:43:40 INFO  [main] utilities.SalesforcebaseListenerUtility SalesforcebaseListenerUtility.java56 - Default test has started....................
20240218 23:43:40 INFO  [main] base.BaseTest BaseTest.java43 - -----SetupBeforeMethod executed----
20240218 23:43:44 INFO  [main] base.BaseTest BaseTest.java67 - browser instance chrome created.
20240218 23:43:44 INFO  [main] base.BaseTest BaseTest.java70 - window is maximized
20240218 23:43:45 INFO  [main] base.BaseTest BaseTest.java115 - https://login.salesforce.com/is entered
20240218 23:43:45 INFO  [main] utilities.SalesforcebaseListenerUtility SalesforcebaseListenerUtility.java22 - errorMessageLoginTC1.......test execution started........
20240218 23:43:45 ERROR [main] utilities.SalesforcebaseListenerUtility SalesforcebaseListenerUtility.java40 - errorMessageLoginTC1.......test execution completed with failure........
20240218 23:43:45 INFO  [main] base.BaseTest BaseTest.java161 - captured the screen
20240218 23:43:45 INFO  [main] base.BaseTest BaseTest.java54 - -----tearDownAfterTestMethod executed----
20240218 23:43:45 INFO  [main] base.BaseTest BaseTest.java143 - browser instance closed
20240218 23:43:46 INFO  [main] utilities.SalesforcebaseListenerUtility SalesforcebaseListenerUtility.java65 - Default test has ended....................
20240218 23:46:25 INFO  [main] utilities.SalesforcebaseListenerUtility SalesforcebaseListenerUtility.java56 - Default test has started....................
20240218 23:46:25 INFO  [main] base.BaseTest BaseTest.java43 - -----SetupBeforeMethod executed----
20240218 23:46:29 INFO  [main] base.BaseTest BaseTest.java67 - browser instance chrome created.
20240218 23:46:30 INFO  [main] base.BaseTest BaseTest.java70 - window is maximized
20240218 23:46:30 INFO  [main] base.BaseTest BaseTest.java115 - https://login.salesforce.com/is entered
20240218 23:46:30 INFO  [main] utilities.SalesforcebaseListenerUtility SalesforcebaseListenerUtility.java22 - errorMessageLoginTC1.......test execution started........
20240218 23:46:32 INFO  [main] base.BasePage BasePage.java41 - username data is entered in Username textbox
20240218 23:46:32 INFO  [main] base.BasePage BasePage.java41 - username data is entered in password textbox
20240218 23:46:33 INFO  [main] base.BasePage BasePage.java54 - login buttonelement is clicked
20240218 23:46:33 INFO  [main] base.BasePage BasePage.java78 - text is extracted from Error Message
20240218 23:46:33 INFO  [main] automationtests.LoginTests LoginTests.java79 - Please enter your password.
20240218 23:46:33 INFO  [main] utilities.SalesforcebaseListenerUtility SalesforcebaseListenerUtility.java31 - errorMessageLoginTC1.......test execution completed with success........
20240218 23:46:33 INFO  [main] base.BaseTest BaseTest.java54 - -----tearDownAfterTestMethod executed----
20240218 23:46:33 INFO  [main] base.BaseTest BaseTest.java143 - browser instance closed
20240218 23:46:33 INFO  [main] utilities.SalesforcebaseListenerUtility SalesforcebaseListenerUtility.java65 - Default test has ended....................
20240218 23:49:45 INFO  [main] utilities.SalesforcebaseListenerUtility SalesforcebaseListenerUtility.java56 - Default test has started....................
20240218 23:49:46 INFO  [main] base.BaseTest BaseTest.java43 - -----SetupBeforeMethod executed----
20240218 23:49:49 INFO  [main] base.BaseTest BaseTest.java67 - browser instance chrome created.
20240218 23:49:49 INFO  [main] base.BaseTest BaseTest.java70 - window is maximized
20240218 23:49:50 INFO  [main] base.BaseTest BaseTest.java115 - https://login.salesforce.com/is entered
20240218 23:49:50 INFO  [main] utilities.SalesforcebaseListenerUtility SalesforcebaseListenerUtility.java22 - errorMessageLoginTC1.......test execution started........
20240218 23:49:50 INFO  [main] base.BasePage BasePage.java91 - Login Pagetitle=Login | Salesforce
20240218 23:49:50 INFO  [main] automationtests.LoginTests LoginTests.java72 - Login | Salesforce
20240218 23:49:51 INFO  [main] base.BasePage BasePage.java41 - username data is entered in Username textbox
20240218 23:49:52 INFO  [main] base.BasePage BasePage.java41 - username data is entered in password textbox
20240218 23:49:52 INFO  [main] base.BasePage BasePage.java54 - login buttonelement is clicked
20240218 23:49:52 INFO  [main] base.BasePage BasePage.java78 - text is extracted from Error Message
20240218 23:49:52 INFO  [main] automationtests.LoginTests LoginTests.java81 - Please enter your password.
20240218 23:49:52 INFO  [main] utilities.SalesforcebaseListenerUtility SalesforcebaseListenerUtility.java31 - errorMessageLoginTC1.......test execution completed with success........
20240218 23:49:52 INFO  [main] base.BaseTest BaseTest.java54 - -----tearDownAfterTestMethod executed----
20240218 23:49:52 INFO  [main] base.BaseTest BaseTest.java143 - browser instance closed
20240218 23:49:52 INFO  [main] utilities.SalesforcebaseListenerUtility SalesforcebaseListenerUtility.java65 - Default test has ended....................
20240219 15:32:37 INFO  [main] utilities.SalesforcebaseListenerUtility SalesforcebaseListenerUtility.java56 - Default test has started....................
20240219 15:32:37 INFO  [main] base.BaseTest BaseTest.java43 - -----SetupBeforeMethod executed----
20240219 15:32:43 INFO  [main] base.BaseTest BaseTest.java67 - browser instance chrome created.
20240219 15:32:43 INFO  [main] base.BaseTest BaseTest.java70 - window is maximized
20240219 15:32:46 INFO  [main] base.BaseTest BaseTest.java115 - https://login.salesforce.com/is entered
20240219 15:32:46 INFO  [main] utilities.SalesforcebaseListenerUtility SalesforcebaseListenerUtility.java22 - checkRememberMeTC3.......test execution started........
20240219 15:32:46 INFO  [main] base.BasePage BasePage.java116 - Login Pagetitle=Login | Salesforce
20240219 15:32:49 INFO  [main] automationtests.LoginTests LoginTests.java91 - Login | Salesforce
20240219 15:32:50 INFO  [main] base.BasePage BasePage.java41 - username data is entered in Username textbox
20240219 15:32:50 INFO  [main] base.BasePage BasePage.java41 - username data is entered in password textbox
20240219 15:32:50 INFO  [main] base.BasePage BasePage.java74 - RememberMeelement is cheked
20240219 15:32:52 INFO  [main] base.BasePage BasePage.java61 - login buttonelement is clicked
20240219 15:32:55 INFO  [main] base.BasePage BasePage.java116 - Home Pagetitle=Verify Your Identity | Salesforce
20240219 15:32:58 INFO  [main] automationtests.LoginTests LoginTests.java109 - Verify Your Identity | Salesforce
20240219 15:32:58 ERROR [main] utilities.SalesforcebaseListenerUtility SalesforcebaseListenerUtility.java40 - checkRememberMeTC3.......test execution completed with failure........
20240219 15:32:58 INFO  [main] base.BaseTest BaseTest.java161 - captured the screen
20240219 15:32:58 INFO  [main] base.BaseTest BaseTest.java54 - -----tearDownAfterTestMethod executed----
20240219 15:32:58 INFO  [main] base.BaseTest BaseTest.java143 - browser instance closed
20240219 15:32:58 INFO  [main] utilities.SalesforcebaseListenerUtility SalesforcebaseListenerUtility.java65 - Default test has ended....................
20240219 15:36:58 INFO  [main] utilities.SalesforcebaseListenerUtility SalesforcebaseListenerUtility.java56 - Default test has started....................
20240219 15:36:58 INFO  [main] base.BaseTest BaseTest.java43 - -----SetupBeforeMethod executed----
20240219 15:37:03 INFO  [main] base.BaseTest BaseTest.java67 - browser instance chrome created.
20240219 15:37:03 INFO  [main] base.BaseTest BaseTest.java70 - window is maximized
20240219 15:37:05 INFO  [main] base.BaseTest BaseTest.java115 - https://login.salesforce.com/is entered
20240219 15:37:05 INFO  [main] utilities.SalesforcebaseListenerUtility SalesforcebaseListenerUtility.java22 - checkRememberMeTC3.......test execution started........
20240219 15:37:05 INFO  [main] base.BasePage BasePage.java116 - Login Pagetitle=Login | Salesforce
20240219 15:37:08 INFO  [main] automationtests.LoginTests LoginTests.java91 - Login | Salesforce
20240219 15:37:08 INFO  [main] base.BasePage BasePage.java41 - username data is entered in Username textbox
20240219 15:37:08 INFO  [main] base.BasePage BasePage.java41 - username data is entered in password textbox
20240219 15:37:09 INFO  [main] base.BasePage BasePage.java74 - RememberMeelement is cheked
20240219 15:37:10 INFO  [main] base.BasePage BasePage.java61 - login buttonelement is clicked
20240219 15:37:13 INFO  [main] base.BasePage BasePage.java116 - Home Pagetitle=Home Page ~ Salesforce - Developer Edition
20240219 15:37:16 INFO  [main] automationtests.LoginTests LoginTests.java109 - Home Page ~ Salesforce - Developer Edition
20240219 15:37:17 INFO  [main] base.BasePage BasePage.java103 - text is extracted from Logged UserName
20240219 15:37:17 INFO  [main] automationtests.LoginTests LoginTests.java114 - priyanka Abcd
20240219 15:37:17 INFO  [main] utilities.SalesforcebaseListenerUtility SalesforcebaseListenerUtility.java31 - checkRememberMeTC3.......test execution completed with success........
20240219 15:37:17 INFO  [main] base.BaseTest BaseTest.java54 - -----tearDownAfterTestMethod executed----
20240219 15:37:17 INFO  [main] base.BaseTest BaseTest.java143 - browser instance closed
20240219 15:37:17 INFO  [main] utilities.SalesforcebaseListenerUtility SalesforcebaseListenerUtility.java65 - Default test has ended....................
20240219 15:38:55 INFO  [main] utilities.SalesforcebaseListenerUtility SalesforcebaseListenerUtility.java56 - Default test has started....................
20240219 15:38:55 INFO  [main] base.BaseTest BaseTest.java43 - -----SetupBeforeMethod executed----
20240219 15:38:59 INFO  [main] base.BaseTest BaseTest.java67 - browser instance chrome created.
20240219 15:38:59 INFO  [main] base.BaseTest BaseTest.java70 - window is maximized
20240219 15:39:01 INFO  [main] base.BaseTest BaseTest.java115 - https://login.salesforce.com/is entered
20240219 15:39:01 INFO  [main] utilities.SalesforcebaseListenerUtility SalesforcebaseListenerUtility.java22 - checkRememberMeTC3.......test execution started........
20240219 15:39:01 INFO  [main] base.BasePage BasePage.java116 - Login Pagetitle=Login | Salesforce
20240219 15:39:04 INFO  [main] automationtests.LoginTests LoginTests.java91 - Login | Salesforce
20240219 15:39:04 INFO  [main] base.BasePage BasePage.java41 - username data is entered in Username textbox
20240219 15:39:04 INFO  [main] base.BasePage BasePage.java41 - username data is entered in password textbox
20240219 15:39:04 INFO  [main] base.BasePage BasePage.java74 - RememberMeelement is cheked
20240219 15:39:06 INFO  [main] base.BasePage BasePage.java61 - login buttonelement is clicked
20240219 15:39:09 INFO  [main] base.BasePage BasePage.java116 - Home Pagetitle=Home Page ~ Salesforce - Developer Edition
20240219 15:39:12 INFO  [main] automationtests.LoginTests LoginTests.java109 - Home Page ~ Salesforce - Developer Edition
20240219 15:39:12 INFO  [main] base.BasePage BasePage.java103 - text is extracted from Logged UserName
20240219 15:39:12 INFO  [main] automationtests.LoginTests LoginTests.java114 - priyanka Abcd
20240219 15:39:12 INFO  [main] base.BasePage BasePage.java61 - Arrow buttonelement is clicked
20240219 15:39:16 INFO  [main] base.BasePage BasePage.java61 - LogOut linkelement is clicked
20240219 15:39:19 INFO  [main] utilities.SalesforcebaseListenerUtility SalesforcebaseListenerUtility.java31 - checkRememberMeTC3.......test execution completed with success........
20240219 15:39:19 INFO  [main] base.BaseTest BaseTest.java54 - -----tearDownAfterTestMethod executed----
20240219 15:39:19 INFO  [main] base.BaseTest BaseTest.java143 - browser instance closed
20240219 15:39:19 INFO  [main] utilities.SalesforcebaseListenerUtility SalesforcebaseListenerUtility.java65 - Default test has ended....................
20240219 15:40:16 INFO  [main] utilities.SalesforcebaseListenerUtility SalesforcebaseListenerUtility.java56 - Default test has started....................
20240219 15:40:16 INFO  [main] base.BaseTest BaseTest.java43 - -----SetupBeforeMethod executed----
20240219 15:40:20 INFO  [main] base.BaseTest BaseTest.java67 - browser instance chrome created.
20240219 15:40:20 INFO  [main] base.BaseTest BaseTest.java70 - window is maximized
20240219 15:40:21 INFO  [main] base.BaseTest BaseTest.java115 - https://login.salesforce.com/is entered
20240219 15:40:21 INFO  [main] utilities.SalesforcebaseListenerUtility SalesforcebaseListenerUtility.java22 - checkRememberMeTC3.......test execution started........
20240219 15:40:21 INFO  [main] base.BasePage BasePage.java116 - Login Pagetitle=Login | Salesforce
20240219 15:40:24 INFO  [main] automationtests.LoginTests LoginTests.java91 - Login | Salesforce
20240219 15:40:24 INFO  [main] base.BasePage BasePage.java41 - username data is entered in Username textbox
20240219 15:40:24 INFO  [main] base.BasePage BasePage.java41 - username data is entered in password textbox
20240219 15:40:24 INFO  [main] base.BasePage BasePage.java74 - RememberMeelement is cheked
20240219 15:40:26 INFO  [main] base.BasePage BasePage.java61 - login buttonelement is clicked
20240219 15:40:29 INFO  [main] base.BasePage BasePage.java116 - Home Pagetitle=Home Page ~ Salesforce - Developer Edition
20240219 15:40:32 INFO  [main] automationtests.LoginTests LoginTests.java109 - Home Page ~ Salesforce - Developer Edition
20240219 15:40:32 INFO  [main] base.BasePage BasePage.java103 - text is extracted from Logged UserName
20240219 15:40:32 INFO  [main] automationtests.LoginTests LoginTests.java114 - priyanka Abcd
20240219 15:40:32 INFO  [main] base.BasePage BasePage.java61 - Arrow buttonelement is clicked
20240219 15:40:36 INFO  [main] base.BasePage BasePage.java61 - LogOut linkelement is clicked
20240219 15:40:39 INFO  [main] base.BasePage BasePage.java116 - Login Pagetitle=Login | Salesforce
20240219 15:40:39 INFO  [main] base.BasePage BasePage.java86 - RememberMeelement is cheked
20240219 15:40:42 INFO  [main] automationtests.LoginTests LoginTests.java140 - Testcase is Passed
20240219 15:40:42 INFO  [main] utilities.SalesforcebaseListenerUtility SalesforcebaseListenerUtility.java31 - checkRememberMeTC3.......test execution completed with success........
20240219 15:40:42 INFO  [main] base.BaseTest BaseTest.java54 - -----tearDownAfterTestMethod executed----
20240219 15:40:42 INFO  [main] base.BaseTest BaseTest.java143 - browser instance closed
20240219 15:40:42 INFO  [main] utilities.SalesforcebaseListenerUtility SalesforcebaseListenerUtility.java65 - Default test has ended....................
20240219 17:10:56 INFO  [main] utilities.SalesforcebaseListenerUtility SalesforcebaseListenerUtility.java56 - Default test has started....................
20240219 17:10:56 INFO  [main] base.BaseTest BaseTest.java47 - -----SetupBeforeMethod executed----
20240219 17:11:02 INFO  [main] base.BaseTest BaseTest.java71 - browser instance chrome created.
20240219 17:11:02 INFO  [main] base.BaseTest BaseTest.java74 - window is maximized
20240219 17:11:04 INFO  [main] base.BaseTest BaseTest.java119 - https://login.salesforce.com/is entered
20240219 17:11:04 INFO  [main] utilities.SalesforcebaseListenerUtility SalesforcebaseListenerUtility.java22 - forgetPasswordTC4A.......test execution started........
20240219 17:11:04 INFO  [main] base.BasePage BasePage.java116 - Login Pagetitle=Login | Salesforce
20240219 17:11:04 INFO  [main] automationtests.LoginTests LoginTests.java155 - Login | Salesforce
20240219 17:11:05 INFO  [main] base.BasePage BasePage.java61 - Forgot Your Password?element is clicked
20240219 17:11:09 INFO  [main] base.BasePage BasePage.java41 - username data is entered in Username textbox
20240219 17:11:09 INFO  [main] base.BasePage BasePage.java61 - Continue buttonelement is clicked
20240219 17:11:12 INFO  [main] base.BasePage BasePage.java103 - text is extracted from Email Sent Message
20240219 17:11:12 INFO  [main] base.BasePage BasePage.java116 - Check Your Pagetitle=Check Your Email | Salesforce
20240219 17:11:12 INFO  [main] automationtests.LoginTests LoginTests.java185 - Testcase is Passed
20240219 17:11:12 INFO  [main] utilities.SalesforcebaseListenerUtility SalesforcebaseListenerUtility.java31 - forgetPasswordTC4A.......test execution completed with success........
20240219 17:11:12 INFO  [main] base.BaseTest BaseTest.java58 - -----tearDownAfterTestMethod executed----
20240219 17:11:13 INFO  [main] base.BaseTest BaseTest.java147 - browser instance closed
20240219 17:11:13 INFO  [main] utilities.SalesforcebaseListenerUtility SalesforcebaseListenerUtility.java65 - Default test has ended....................
20240219 17:32:41 INFO  [main] utilities.SalesforcebaseListenerUtility SalesforcebaseListenerUtility.java56 - Default test has started....................
20240219 17:32:41 INFO  [main] base.BaseTest BaseTest.java47 - -----SetupBeforeMethod executed----
20240219 17:32:46 INFO  [main] base.BaseTest BaseTest.java71 - browser instance chrome created.
20240219 17:32:46 INFO  [main] base.BaseTest BaseTest.java74 - window is maximized
20240219 17:32:48 INFO  [main] base.BaseTest BaseTest.java119 - https://login.salesforce.com/is entered
20240219 17:32:48 INFO  [main] utilities.SalesforcebaseListenerUtility SalesforcebaseListenerUtility.java22 - forgetPasswordTC4B.......test execution started........
20240219 17:32:48 INFO  [main] base.BasePage BasePage.java116 - Login Pagetitle=Login | Salesforce
20240219 17:32:48 INFO  [main] automationtests.LoginTests LoginTests.java200 - Login | Salesforce
20240219 17:32:51 INFO  [main] base.BasePage BasePage.java41 - username data is entered in Username textbox
20240219 17:32:51 INFO  [main] base.BasePage BasePage.java41 - username data is entered in password textbox
20240219 17:32:51 INFO  [main] base.BasePage BasePage.java61 - login buttonelement is clicked
20240219 17:32:54 INFO  [main] base.BasePage BasePage.java103 - text is extracted from Error Message
20240219 17:32:54 INFO  [main] automationtests.LoginTests LoginTests.java211 - Please check your username and password. If you still can't log in, contact your Salesforce administrator.
20240219 17:32:54 INFO  [main] automationtests.LoginTests LoginTests.java215 - Testcase is Passed
20240219 17:32:54 INFO  [main] utilities.SalesforcebaseListenerUtility SalesforcebaseListenerUtility.java31 - forgetPasswordTC4B.......test execution completed with success........
20240219 17:32:54 INFO  [main] base.BaseTest BaseTest.java58 - -----tearDownAfterTestMethod executed----
20240219 17:32:55 INFO  [main] base.BaseTest BaseTest.java147 - browser instance closed
20240219 17:32:55 INFO  [main] utilities.SalesforcebaseListenerUtility SalesforcebaseListenerUtility.java65 - Default test has ended....................
20240219 22:45:45 INFO  [main] utilities.SalesforcebaseListenerUtility SalesforcebaseListenerUtility.java56 - RegressionTest has started....................
20240219 22:45:45 INFO  [main] base.BaseTest BaseTest.java47 - -----SetupBeforeMethod executed----
20240219 22:45:50 INFO  [main] base.BaseTest BaseTest.java71 - browser instance chrome created.
20240219 22:45:50 INFO  [main] base.BaseTest BaseTest.java74 - window is maximized
20240219 22:45:53 INFO  [main] base.BaseTest BaseTest.java119 - https://login.salesforce.com/is entered
20240219 22:45:53 INFO  [main] utilities.SalesforcebaseListenerUtility SalesforcebaseListenerUtility.java22 - checkRememberMeTC3.......test execution started........
20240219 22:45:53 INFO  [main] base.BasePage BasePage.java116 - Login Pagetitle=Login | Salesforce
20240219 22:45:56 INFO  [main] automationtests.LoginTests LoginTests.java93 - Login | Salesforce
20240219 22:45:57 INFO  [main] base.BasePage BasePage.java41 - username data is entered in Username textbox
20240219 22:45:57 INFO  [main] base.BasePage BasePage.java41 - username data is entered in password textbox
20240219 22:45:57 INFO  [main] base.BasePage BasePage.java74 - RememberMeelement is cheked
20240219 22:46:00 INFO  [main] base.BasePage BasePage.java61 - login buttonelement is clicked
20240219 22:46:03 INFO  [main] base.BasePage BasePage.java116 - Home Pagetitle=Home Page ~ Salesforce - Developer Edition
20240219 22:46:06 INFO  [main] automationtests.LoginTests LoginTests.java111 - Home Page ~ Salesforce - Developer Edition
20240219 22:46:06 INFO  [main] base.BasePage BasePage.java103 - text is extracted from Logged UserName
20240219 22:46:06 INFO  [main] automationtests.LoginTests LoginTests.java116 - priyanka Abcd
20240219 22:46:06 INFO  [main] base.BasePage BasePage.java61 - Arrow buttonelement is clicked
20240219 22:46:09 INFO  [main] base.BasePage BasePage.java61 - LogOut linkelement is clicked
20240219 22:46:12 INFO  [main] base.BasePage BasePage.java116 - Login Pagetitle=Login | Salesforce
20240219 22:46:12 INFO  [main] base.BasePage BasePage.java86 - RememberMeelement is cheked
20240219 22:46:15 INFO  [main] automationtests.LoginTests LoginTests.java142 - Testcase is Passed
20240219 22:46:15 INFO  [main] utilities.SalesforcebaseListenerUtility SalesforcebaseListenerUtility.java31 - checkRememberMeTC3.......test execution completed with success........
20240219 22:46:16 INFO  [main] base.BaseTest BaseTest.java58 - -----tearDownAfterTestMethod executed----
20240219 22:46:16 INFO  [main] base.BaseTest BaseTest.java147 - browser instance closed
20240219 22:46:16 INFO  [main] base.BaseTest BaseTest.java47 - -----SetupBeforeMethod executed----
20240219 22:46:19 INFO  [main] base.BaseTest BaseTest.java71 - browser instance chrome created.
20240219 22:46:19 INFO  [main] base.BaseTest BaseTest.java74 - window is maximized
20240219 22:46:20 INFO  [main] base.BaseTest BaseTest.java119 - https://login.salesforce.com/is entered
20240219 22:46:20 INFO  [main] utilities.SalesforcebaseListenerUtility SalesforcebaseListenerUtility.java22 - errorMessageLoginTC1.......test execution started........
20240219 22:46:20 INFO  [main] base.BasePage BasePage.java116 - Login Pagetitle=Login | Salesforce
20240219 22:46:20 INFO  [main] automationtests.LoginTests LoginTests.java70 - Login | Salesforce
20240219 22:46:21 INFO  [main] base.BasePage BasePage.java41 - username data is entered in Username textbox
20240219 22:46:22 INFO  [main] base.BasePage BasePage.java41 - username data is entered in password textbox
20240219 22:46:22 INFO  [main] base.BasePage BasePage.java61 - login buttonelement is clicked
20240219 22:46:22 INFO  [main] base.BasePage BasePage.java103 - text is extracted from Error Message
20240219 22:46:22 INFO  [main] automationtests.LoginTests LoginTests.java79 - Please enter your password.
20240219 22:46:22 INFO  [main] utilities.SalesforcebaseListenerUtility SalesforcebaseListenerUtility.java31 - errorMessageLoginTC1.......test execution completed with success........
20240219 22:46:22 INFO  [main] base.BaseTest BaseTest.java58 - -----tearDownAfterTestMethod executed----
20240219 22:46:22 INFO  [main] base.BaseTest BaseTest.java147 - browser instance closed
20240219 22:46:22 INFO  [main] base.BaseTest BaseTest.java47 - -----SetupBeforeMethod executed----
20240219 22:46:26 INFO  [main] base.BaseTest BaseTest.java71 - browser instance chrome created.
20240219 22:46:26 INFO  [main] base.BaseTest BaseTest.java74 - window is maximized
20240219 22:46:26 INFO  [main] base.BaseTest BaseTest.java119 - https://login.salesforce.com/is entered
20240219 22:46:26 INFO  [main] utilities.SalesforcebaseListenerUtility SalesforcebaseListenerUtility.java22 - forgetPasswordTC4A.......test execution started........
20240219 22:46:26 INFO  [main] base.BasePage BasePage.java116 - Login Pagetitle=Login | Salesforce
20240219 22:46:26 INFO  [main] automationtests.LoginTests LoginTests.java155 - Login | Salesforce
20240219 22:46:28 INFO  [main] base.BasePage BasePage.java61 - Forgot Your Password?element is clicked
20240219 22:46:31 INFO  [main] base.BasePage BasePage.java41 - username data is entered in Username textbox
20240219 22:46:32 INFO  [main] base.BasePage BasePage.java61 - Continue buttonelement is clicked
20240219 22:46:35 INFO  [main] base.BasePage BasePage.java103 - text is extracted from Email Sent Message
20240219 22:46:35 INFO  [main] base.BasePage BasePage.java116 - Check Your Pagetitle=Check Your Email | Salesforce
20240219 22:46:35 INFO  [main] automationtests.LoginTests LoginTests.java185 - Testcase is Passed
20240219 22:46:35 INFO  [main] utilities.SalesforcebaseListenerUtility SalesforcebaseListenerUtility.java31 - forgetPasswordTC4A.......test execution completed with success........
20240219 22:46:35 INFO  [main] base.BaseTest BaseTest.java58 - -----tearDownAfterTestMethod executed----
20240219 22:46:35 INFO  [main] base.BaseTest BaseTest.java147 - browser instance closed
20240219 22:46:35 INFO  [main] base.BaseTest BaseTest.java47 - -----SetupBeforeMethod executed----
20240219 22:46:38 INFO  [main] base.BaseTest BaseTest.java71 - browser instance chrome created.
20240219 22:46:38 INFO  [main] base.BaseTest BaseTest.java74 - window is maximized
20240219 22:46:39 INFO  [main] base.BaseTest BaseTest.java119 - https://login.salesforce.com/is entered
20240219 22:46:39 INFO  [main] utilities.SalesforcebaseListenerUtility SalesforcebaseListenerUtility.java22 - forgetPasswordTC4B.......test execution started........
20240219 22:46:39 INFO  [main] base.BasePage BasePage.java116 - Login Pagetitle=Login | Salesforce
20240219 22:46:39 INFO  [main] automationtests.LoginTests LoginTests.java200 - Login | Salesforce
20240219 22:46:40 INFO  [main] base.BasePage BasePage.java41 - username data is entered in Username textbox
20240219 22:46:40 INFO  [main] base.BasePage BasePage.java41 - username data is entered in password textbox
20240219 22:46:41 INFO  [main] base.BasePage BasePage.java61 - login buttonelement is clicked
20240219 22:46:44 INFO  [main] base.BasePage BasePage.java103 - text is extracted from Error Message
20240219 22:46:44 INFO  [main] automationtests.LoginTests LoginTests.java211 - Please check your username and password. If you still can't log in, contact your Salesforce administrator.
20240219 22:46:44 INFO  [main] automationtests.LoginTests LoginTests.java215 - Testcase is Passed
20240219 22:46:44 INFO  [main] utilities.SalesforcebaseListenerUtility SalesforcebaseListenerUtility.java31 - forgetPasswordTC4B.......test execution completed with success........
20240219 22:46:44 INFO  [main] base.BaseTest BaseTest.java58 - -----tearDownAfterTestMethod executed----
20240219 22:46:44 INFO  [main] base.BaseTest BaseTest.java147 - browser instance closed
20240219 22:46:44 INFO  [main] base.BaseTest BaseTest.java47 - -----SetupBeforeMethod executed----
20240219 22:46:48 INFO  [main] base.BaseTest BaseTest.java71 - browser instance chrome created.
20240219 22:46:48 INFO  [main] base.BaseTest BaseTest.java74 - window is maximized
20240219 22:46:49 INFO  [main] base.BaseTest BaseTest.java119 - https://login.salesforce.com/is entered
20240219 22:46:49 INFO  [main] utilities.SalesforcebaseListenerUtility SalesforcebaseListenerUtility.java22 - salesforce_LoginTC2.......test execution started........
20240219 22:46:50 INFO  [main] base.BasePage BasePage.java41 - username data is entered in Username textbox
20240219 22:46:50 INFO  [main] base.BasePage BasePage.java41 - username data is entered in password textbox
20240219 22:46:53 INFO  [main] base.BasePage BasePage.java61 - login buttonelement is clicked
20240219 22:46:54 INFO  [main] base.BasePage BasePage.java116 - Home Pagetitle=Home Page ~ Salesforce - Developer Edition
20240219 22:46:54 INFO  [main] automationtests.LoginTests LoginTests.java49 - Home Page ~ Salesforce - Developer Edition
20240219 22:46:54 INFO  [main] base.BasePage BasePage.java103 - text is extracted from Logged UserName
20240219 22:46:54 INFO  [main] automationtests.LoginTests LoginTests.java54 - priyanka Abcd
20240219 22:46:54 INFO  [main] utilities.SalesforcebaseListenerUtility SalesforcebaseListenerUtility.java31 - salesforce_LoginTC2.......test execution completed with success........
20240219 22:46:54 INFO  [main] base.BaseTest BaseTest.java58 - -----tearDownAfterTestMethod executed----
20240219 22:46:54 INFO  [main] base.BaseTest BaseTest.java147 - browser instance closed
20240219 22:46:54 INFO  [main] utilities.SalesforcebaseListenerUtility SalesforcebaseListenerUtility.java65 - RegressionTest has ended....................
20240219 23:32:49 INFO  [main] utilities.SalesforcebaseListenerUtility SalesforcebaseListenerUtility.java56 - Default test has started....................
20240219 23:32:49 INFO  [main] base.BaseTest BaseTest.java49 - -----SetupBeforeMethod executed----
20240219 23:32:55 INFO  [main] base.BaseTest BaseTest.java73 - browser instance chrome created.
20240219 23:32:55 INFO  [main] base.BaseTest BaseTest.java76 - window is maximized
20240219 23:32:57 INFO  [main] base.BaseTest BaseTest.java121 - https://login.salesforce.com/is entered
20240219 23:32:57 INFO  [main] utilities.SalesforcebaseListenerUtility SalesforcebaseListenerUtility.java22 - salesforce_LoginTC2.......test execution started........
20240219 23:32:58 INFO  [main] base.BasePage BasePage.java43 - username data is entered in Username textbox
20240219 23:32:59 INFO  [main] base.BasePage BasePage.java43 - username data is entered in password textbox
20240219 23:33:01 INFO  [main] base.BasePage BasePage.java63 - login buttonelement is clicked
20240219 23:33:02 INFO  [main] base.BasePage BasePage.java118 - Home Pagetitle=Home Page ~ Salesforce - Developer Edition
20240219 23:33:02 INFO  [main] automationtests.LoginTests LoginTests.java51 - Home Page ~ Salesforce - Developer Edition
20240219 23:33:02 INFO  [main] base.BasePage BasePage.java105 - text is extracted from Logged UserName
20240219 23:33:02 INFO  [main] automationtests.LoginTests LoginTests.java56 - priyanka Abcd
20240219 23:33:02 INFO  [main] utilities.SalesforcebaseListenerUtility SalesforcebaseListenerUtility.java31 - salesforce_LoginTC2.......test execution completed with success........
20240219 23:33:02 INFO  [main] base.BaseTest BaseTest.java60 - -----tearDownAfterTestMethod executed----
20240219 23:33:03 INFO  [main] base.BaseTest BaseTest.java149 - browser instance closed
20240219 23:33:03 INFO  [main] utilities.SalesforcebaseListenerUtility SalesforcebaseListenerUtility.java65 - Default test has ended....................
20240219 23:36:37 INFO  [main] utilities.SalesforcebaseListenerUtility SalesforcebaseListenerUtility.java56 - Default test has started....................
20240219 23:36:37 INFO  [main] base.BaseTest BaseTest.java49 - -----SetupBeforeMethod executed----
20240219 23:36:42 INFO  [main] base.BaseTest BaseTest.java73 - browser instance chrome created.
20240219 23:36:42 INFO  [main] base.BaseTest BaseTest.java76 - window is maximized
20240219 23:36:43 INFO  [main] base.BaseTest BaseTest.java121 - https://login.salesforce.com/is entered
20240219 23:36:43 INFO  [main] utilities.SalesforcebaseListenerUtility SalesforcebaseListenerUtility.java22 - errorMessageLoginTC1.......test execution started........
20240219 23:36:44 INFO  [main] base.BasePage BasePage.java118 - Login Pagetitle=Login | Salesforce
20240219 23:36:44 INFO  [main] automationtests.LoginTests LoginTests.java72 - Login | Salesforce
20240219 23:36:45 INFO  [main] base.BasePage BasePage.java43 - username data is entered in Username textbox
20240219 23:36:45 INFO  [main] base.BasePage BasePage.java43 - username data is entered in password textbox
20240219 23:36:46 INFO  [main] base.BasePage BasePage.java63 - login buttonelement is clicked
20240219 23:36:46 INFO  [main] base.BasePage BasePage.java105 - text is extracted from Error Message
20240219 23:36:46 INFO  [main] automationtests.LoginTests LoginTests.java82 - Please enter your password.
20240219 23:36:46 INFO  [main] utilities.SalesforcebaseListenerUtility SalesforcebaseListenerUtility.java31 - errorMessageLoginTC1.......test execution completed with success........
20240219 23:36:46 INFO  [main] base.BaseTest BaseTest.java60 - -----tearDownAfterTestMethod executed----
20240219 23:36:46 INFO  [main] base.BaseTest BaseTest.java149 - browser instance closed
20240219 23:36:46 INFO  [main] utilities.SalesforcebaseListenerUtility SalesforcebaseListenerUtility.java65 - Default test has ended....................
